2025-05-23 03:30:42,389 - semgrep.run_scan - DEBUG - semgrep version 1.2.0
2025-05-23 03:30:42,394 - semgrep.git - DEBUG - Failed to get project url from 'git ls-remote': Command failed with exit code: 128
-----
Command failed with output:
fatal: No remote configured to list refs from.


Failed to run 'git ls-remote --get-url'. Possible reasons:

- the git binary is not available
- the current working directory is not a git repository
- the baseline commit is not a parent of the current commit
    (if you are running through semgrep-app, check if you are setting `SEMGREP_BRANCH` or `SEMGREP_BASELINE_COMMIT` properly)
- the current working directory is not marked as safe
    (fix with `git config --global --add safe.directory $(pwd)`)

Try running the command yourself to debug the issue.
2025-05-23 03:30:42,395 - semgrep.config_resolver - DEBUG - Loading local config from /home/runner/workspace/.config/.semgrep/semgrep_rules.json
2025-05-23 03:30:42,397 - semgrep.config_resolver - DEBUG - Done loading local config from /home/runner/workspace/.config/.semgrep/semgrep_rules.json
2025-05-23 03:30:42,400 - semgrep.config_resolver - DEBUG - Saving rules to /tmp/semgrep-qy82oq_5.rules
2025-05-23 03:30:42,553 - semgrep.semgrep_core - DEBUG - Failed to open resource semgrep-core-proprietary: [Errno 2] No such file or directory: '/tmp/_MEIPzELkU/semgrep/bin/semgrep-core-proprietary'.
2025-05-23 03:30:43,006 - semgrep.rule_lang - DEBUG - semgrep-core validation response: valid=True
2025-05-23 03:30:43,006 - semgrep.rule_lang - DEBUG - semgrep-core validation succeeded
2025-05-23 03:30:43,006 - semgrep.rule_lang - DEBUG - RPC validation succeeded
2025-05-23 03:30:43,006 - semgrep.config_resolver - DEBUG - loaded 1 configs in 0.6117854118347168
2025-05-23 03:30:43,073 - semgrep.run_scan - VERBOSE - running 711 rules from 1 config /home/runner/workspace/.config/.semgrep/semgrep_rules.json_0
2025-05-23 03:30:43,073 - semgrep.run_scan - VERBOSE - No .semgrepignore found. Using default .semgrepignore rules. See the docs for the list of default ignores: https://semgrep.dev/docs/cli-usage/#ignore-files
2025-05-23 03:30:43,075 - semgrep.run_scan - VERBOSE - Rules:
2025-05-23 03:30:43,075 - semgrep.run_scan - VERBOSE - <SKIPPED DATA (too many entries; use --max-log-list-entries)>
2025-05-23 03:30:43,129 - semgrep.ignores - VERBOSE - Ignoring test/helpers/test-utils.ts due to .semgrepignore
2025-05-23 03:30:43,129 - semgrep.ignores - VERBOSE - Ignoring test/integration/api-key-auth.test.ts due to .semgrepignore
2025-05-23 03:30:43,129 - semgrep.ignores - VERBOSE - Ignoring test/integration/health.test.ts due to .semgrepignore
2025-05-23 03:30:43,129 - semgrep.ignores - VERBOSE - Ignoring test/setup.ts due to .semgrepignore
2025-05-23 03:30:43,129 - semgrep.ignores - VERBOSE - Ignoring test/unit/cache.test.ts due to .semgrepignore
2025-05-23 03:30:43,129 - semgrep.ignores - VERBOSE - Ignoring test/unit/logger.test.ts due to .semgrepignore
2025-05-23 03:30:43,167 - semgrep.ignores - VERBOSE - Ignoring test/helpers/test-utils.ts due to .semgrepignore
2025-05-23 03:30:43,167 - semgrep.ignores - VERBOSE - Ignoring test/integration/api-key-auth.test.ts due to .semgrepignore
2025-05-23 03:30:43,167 - semgrep.ignores - VERBOSE - Ignoring test/integration/health.test.ts due to .semgrepignore
2025-05-23 03:30:43,168 - semgrep.ignores - VERBOSE - Ignoring test/setup.ts due to .semgrepignore
2025-05-23 03:30:43,168 - semgrep.ignores - VERBOSE - Ignoring test/unit/cache.test.ts due to .semgrepignore
2025-05-23 03:30:43,168 - semgrep.ignores - VERBOSE - Ignoring test/unit/logger.test.ts due to .semgrepignore
2025-05-23 03:30:43,181 - semgrep.ignores - VERBOSE - Ignoring test/helpers/test-utils.ts due to .semgrepignore
2025-05-23 03:30:43,181 - semgrep.ignores - VERBOSE - Ignoring test/integration/api-key-auth.test.ts due to .semgrepignore
2025-05-23 03:30:43,181 - semgrep.ignores - VERBOSE - Ignoring test/integration/health.test.ts due to .semgrepignore
2025-05-23 03:30:43,181 - semgrep.ignores - VERBOSE - Ignoring test/setup.ts due to .semgrepignore
2025-05-23 03:30:43,181 - semgrep.ignores - VERBOSE - Ignoring test/unit/cache.test.ts due to .semgrepignore
2025-05-23 03:30:43,181 - semgrep.ignores - VERBOSE - Ignoring test/unit/logger.test.ts due to .semgrepignore
2025-05-23 03:30:43,348 - semgrep.ignores - VERBOSE - Ignoring test/helpers/test-utils.ts due to .semgrepignore
2025-05-23 03:30:43,348 - semgrep.ignores - VERBOSE - Ignoring test/integration/api-key-auth.test.ts due to .semgrepignore
2025-05-23 03:30:43,348 - semgrep.ignores - VERBOSE - Ignoring test/integration/health.test.ts due to .semgrepignore
2025-05-23 03:30:43,348 - semgrep.ignores - VERBOSE - Ignoring test/setup.ts due to .semgrepignore
2025-05-23 03:30:43,348 - semgrep.ignores - VERBOSE - Ignoring test/unit/cache.test.ts due to .semgrepignore
2025-05-23 03:30:43,348 - semgrep.ignores - VERBOSE - Ignoring test/unit/logger.test.ts due to .semgrepignore
2025-05-23 03:30:43,837 - semgrep.core_runner - DEBUG - Passing whole rules directly to semgrep_core
2025-05-23 03:30:44,077 - semgrep.core_runner - DEBUG - Running Semgrep engine with command:
2025-05-23 03:30:44,077 - semgrep.core_runner - DEBUG - /tmp/_MEIPzELkU/semgrep/bin/opengrep-core -json -rules /tmp/tmp77p54fb9.json -j 8 -targets /tmp/tmpwyvztn7q -timeout 5 -timeout_threshold 3 -max_memory 0 -fast
